  Game.cpp
C:\Users\Rafał_Opara\source\repos\sfmlgame2\sfmlgame2\Game.cpp(32,30): warning C4244: "=": konwersja z "double" do "unsigned int", możliwa utrata danych
C:\Users\Rafał_Opara\source\repos\sfmlgame2\sfmlgame2\Game.cpp(129,33): warning C4838: konwersja z „double” do „int” wymaga konwersji zawężającej
C:\Users\Rafał_Opara\source\repos\sfmlgame2\sfmlgame2\Game.cpp(129,33): warning C4244: "inicjowanie": konwersja z "double" do "int", możliwa utrata danych
C:\Users\Rafał_Opara\source\repos\sfmlgame2\sfmlgame2\Game.cpp(129,40): warning C4838: konwersja z „double” do „int” wymaga konwersji zawężającej
C:\Users\Rafał_Opara\source\repos\sfmlgame2\sfmlgame2\Game.cpp(129,40): warning C4244: "inicjowanie": konwersja z "double" do "int", możliwa utrata danych
C:\Users\Rafał_Opara\source\repos\sfmlgame2\sfmlgame2\Game.cpp(129,47): warning C4838: konwersja z „double” do „int” wymaga konwersji zawężającej
C:\Users\Rafał_Opara\source\repos\sfmlgame2\sfmlgame2\Game.cpp(129,47): warning C4244: "inicjowanie": konwersja z "double" do "int", możliwa utrata danych
C:\Users\Rafał_Opara\source\repos\sfmlgame2\sfmlgame2\Game.cpp(129,54): warning C4838: konwersja z „double” do „int” wymaga konwersji zawężającej
C:\Users\Rafał_Opara\source\repos\sfmlgame2\sfmlgame2\Game.cpp(129,54): warning C4244: "inicjowanie": konwersja z "double" do "int", możliwa utrata danych
C:\Users\Rafał_Opara\source\repos\sfmlgame2\sfmlgame2\Game.cpp(135,29): warning C4244: "inicjowanie": konwersja z "int" do "float", możliwa utrata danych
C:\Users\Rafał_Opara\source\repos\sfmlgame2\sfmlgame2\Game.cpp(138,29): warning C4244: "inicjowanie": konwersja z "int" do "float", możliwa utrata danych
C:\Users\Rafał_Opara\source\repos\sfmlgame2\sfmlgame2\Game.cpp(146,33): warning C4838: konwersja z „double” do „int” wymaga konwersji zawężającej
C:\Users\Rafał_Opara\source\repos\sfmlgame2\sfmlgame2\Game.cpp(146,33): warning C4244: "inicjowanie": konwersja z "double" do "int", możliwa utrata danych
C:\Users\Rafał_Opara\source\repos\sfmlgame2\sfmlgame2\Game.cpp(146,40): warning C4838: konwersja z „double” do „int” wymaga konwersji zawężającej
C:\Users\Rafał_Opara\source\repos\sfmlgame2\sfmlgame2\Game.cpp(146,40): warning C4244: "inicjowanie": konwersja z "double" do "int", możliwa utrata danych
C:\Users\Rafał_Opara\source\repos\sfmlgame2\sfmlgame2\Game.cpp(146,47): warning C4838: konwersja z „double” do „int” wymaga konwersji zawężającej
C:\Users\Rafał_Opara\source\repos\sfmlgame2\sfmlgame2\Game.cpp(146,47): warning C4244: "inicjowanie": konwersja z "double" do "int", możliwa utrata danych
C:\Users\Rafał_Opara\source\repos\sfmlgame2\sfmlgame2\Game.cpp(146,54): warning C4838: konwersja z „double” do „int” wymaga konwersji zawężającej
C:\Users\Rafał_Opara\source\repos\sfmlgame2\sfmlgame2\Game.cpp(146,54): warning C4244: "inicjowanie": konwersja z "double" do "int", możliwa utrata danych
C:\Users\Rafał_Opara\source\repos\sfmlgame2\sfmlgame2\Game.cpp(152,29): warning C4244: "inicjowanie": konwersja z "int" do "float", możliwa utrata danych
C:\Users\Rafał_Opara\source\repos\sfmlgame2\sfmlgame2\Game.cpp(155,29): warning C4244: "inicjowanie": konwersja z "int" do "float", możliwa utrata danych
C:\Users\Rafał_Opara\source\repos\sfmlgame2\sfmlgame2\Game.cpp(243,67): warning C4244: "=": konwersja z "double" do "int", możliwa utrata danych
  sfmlgame2.vcxproj -> C:\Users\Rafał_Opara\source\repos\sfmlgame2\x64\Debug\sfmlgame2.exe
